Build started 8/4/2017 6:16:16 PM.
     1>Project "C:\Users\Noah Keck\documents\visual studio 2010\Projects\6502 simulator\6502 simulator\6502 simulator.vcxproj" on node 2 (build target(s)).
     1>InitializeBuildStatus:
         Creating "Debug\6502 simulator.unsuccessfulbuild" because "AlwaysCreate" was specified.
       ClCompile:
         All outputs are up-to-date.
         c:\Program Files (x86)\Microsoft Visual Studio 10.0\VC\bin\CL.exe /c /ZI /nologo /W3 /WX- /Od /Oy- /D WIN32 /D _DEBUG /D _CONSOLE /D _UNICODE /D UNICODE /Gm /EHsc /RTC1 /MDd /GS /fp:precise /Zc:wchar_t /Zc:forScope /Yu"StdAfx.h" /Fp"Debug\6502 simulator.pch" /Fo"Debug\\" /Fd"Debug\vc100.pdb" /Gd /TP /analyze- /errorReport:prompt 6502.cpp
         6502.cpp
     1>c:\users\noah keck\documents\visual studio 2010\projects\6502 simulator\6502 simulator\6502.cpp(66): warning C4800: 'int' : forcing value to bool 'true' or 'false' (performance warning)
     1>c:\users\noah keck\documents\visual studio 2010\projects\6502 simulator\6502 simulator\6502.cpp(67): warning C4800: 'int' : forcing value to bool 'true' or 'false' (performance warning)
     1>c:\users\noah keck\documents\visual studio 2010\projects\6502 simulator\6502 simulator\6502.cpp(68): warning C4800: 'int' : forcing value to bool 'true' or 'false' (performance warning)
     1>c:\users\noah keck\documents\visual studio 2010\projects\6502 simulator\6502 simulator\6502.cpp(69): warning C4800: 'int' : forcing value to bool 'true' or 'false' (performance warning)
     1>c:\users\noah keck\documents\visual studio 2010\projects\6502 simulator\6502 simulator\6502.cpp(140): warning C4552: '>>' : operator has no effect; expected operator with side-effect
     1>c:\users\noah keck\documents\visual studio 2010\projects\6502 simulator\6502 simulator\6502.cpp(160): warning C4552: '<<' : operator has no effect; expected operator with side-effect
       ManifestResourceCompile:
         All outputs are up-to-date.
       Link:
         c:\Program Files (x86)\Microsoft Visual Studio 10.0\VC\bin\link.exe /ERRORREPORT:PROMPT /OUT:"C:\Users\Noah Keck\documents\visual studio 2010\Projects\6502 simulator\Debug\6502 simulator.exe" /INCREMENTAL /NOLOGO kernel32.lib user32.lib gdi32.lib winspool.lib comdlg32.lib advapi32.lib shell32.lib ole32.lib oleaut32.lib uuid.lib odbc32.lib odbccp32.lib /MANIFEST /ManifestFile:"Debug\6502 simulator.exe.intermediate.manifest" /MANIFESTUAC:"level='asInvoker' uiAccess='false'" /DEBUG /PDB:"C:\Users\Noah Keck\documents\visual studio 2010\Projects\6502 simulator\Debug\6502 simulator.pdb" /SUBSYSTEM:CONSOLE /TLBID:1 /DYNAMICBASE /NXCOMPAT /IMPLIB:"C:\Users\Noah Keck\documents\visual studio 2010\Projects\6502 simulator\Debug\6502 simulator.lib" /MACHINE:X86 "Debug\6502 simulator.exe.embed.manifest.res"
         "Debug\6502 simulator.obj"
         Debug\6502.obj
         Debug\stdafx.obj
       Manifest:
         C:\Program Files (x86)\Microsoft SDKs\Windows\v7.0A\bin\mt.exe /nologo /verbose /out:"Debug\6502 simulator.exe.embed.manifest" /manifest "Debug\6502 simulator.exe.intermediate.manifest"
         All outputs are up-to-date.
       LinkEmbedManifest:
         All outputs are up-to-date.
         6502 simulator.vcxproj -> C:\Users\Noah Keck\documents\visual studio 2010\Projects\6502 simulator\Debug\6502 simulator.exe
       FinalizeBuildStatus:
         Deleting file "Debug\6502 simulator.unsuccessfulbuild".
         Touching "Debug\6502 simulator.lastbuildstate".
     1>Done Building Project "C:\Users\Noah Keck\documents\visual studio 2010\Projects\6502 simulator\6502 simulator\6502 simulator.vcxproj" (build target(s)).

Build succeeded.

Time Elapsed 00:00:01.63
